2023-02-22 16:31:12 INFO main.Main main Starting application
2023-02-22 16:31:12 INFO main.Main main Read 200000 lines...
2023-02-22 16:31:13 INFO main.Main main Read 400000 lines...
2023-02-22 16:31:13 INFO main.Main main Read 600000 lines...
2023-02-22 16:31:14 INFO main.Main main Read 800000 lines...
2023-02-22 16:31:14 INFO main.Main main Read 1000000 lines...
2023-02-22 16:31:16 INFO main.Main main Starting experiment 1...
2023-02-22 16:31:16 INFO memorypool.MemoryPool printStats Number of records: 1070325
2023-02-22 16:31:16 INFO memorypool.MemoryPool printStats Size of a record: 17
2023-02-22 16:31:16 INFO memorypool.MemoryPool printStats Number of records per block: 11
2023-02-22 16:31:16 INFO memorypool.MemoryPool printStats Number of blocks: 97302
2023-02-22 16:31:19 INFO main.Main main Starting experiment 2...
2023-02-22 16:31:19 INFO main.Main printExperiment2 Capacity n: 25
2023-02-22 16:31:19 INFO main.Main printExperiment2 Number of nodes: 1086
2023-02-22 16:31:19 INFO main.Main printExperiment2 Number of levels: 4
2023-02-22 16:31:19 INFO main.Main printExperiment2 Root elements: 7042 32062 
2023-02-22 16:31:26 INFO main.Main main Starting experiment 3...
2023-02-22 16:31:26 INFO main.Main printRetrievalExperiment Number of index nodes accessed (bptree): 4
2023-02-22 16:31:26 INFO main.Main printRetrievalExperiment Number of data blocks accessed (bptree): 110
2023-02-22 16:31:26 INFO main.Main printRetrievalExperiment Average of average ratings (bptree): 6.00
2023-02-22 16:31:26 INFO main.Main printRetrievalExperiment Time taken (bptree): 2
2023-02-22 16:31:27 INFO main.Main printRetrievalExperiment Number of data blocks accessed (brute force): 97301
2023-02-22 16:31:27 INFO main.Main printRetrievalExperiment Average of average ratings (brute force): 6.00
2023-02-22 16:31:27 INFO main.Main printRetrievalExperiment Time taken (brute force): 204
2023-02-22 16:31:46 INFO main.Main printRetrievalExperiment Number of index nodes accessed (bptree): 56
2023-02-22 16:31:46 INFO main.Main printRetrievalExperiment Number of data blocks accessed (bptree): 953
2023-02-22 16:31:46 INFO main.Main printRetrievalExperiment Average of average ratings (bptree): 6.00
2023-02-22 16:31:46 INFO main.Main printRetrievalExperiment Time taken (bptree): 1
2023-02-22 16:31:46 INFO main.Main printRetrievalExperiment Number of data blocks accessed (brute force): 97301
2023-02-22 16:31:46 INFO main.Main printRetrievalExperiment Average of average ratings (brute force): 6.00
2023-02-22 16:31:46 INFO main.Main printRetrievalExperiment Time taken (brute force): 42
2023-02-22 16:32:37 INFO main.Main main Quitting...
